Build started 6/24/2021 23:33:20.
     1>Project "C:\Users\moham\Documents\Project\resturant\Restaurant_Simulation_CPP\Restaurant\Restaurant.vcxproj" on node 2 (Build target(s)).
       Project file contains ToolsVersion="14.0". This toolset may be unknown or missing, in which case you may be able to resolve this by installing the appropriate version of MSBuild, or the build may have been forced to a particular ToolsVersion for policy reasons. Treating the project as if it had ToolsVersion="4.0". For more information, please see http://go.microsoft.com/fwlink/?LinkId=291333.
     1>ClCompile:
         C:\Program Files (x86)\Microsoft Visual Studio 11.0\VC\bin\CL.exe /c /ZI /nologo /W3 /WX- /Od /Oy- /D WIN32 /D _DEBUG /D _CONSOLE /D _MBCS /Gm /EHsc /RTC1 /MDd /GS /fp:precise /Zc:wchar_t /Zc:forScope /Fo"Debug\\" /Fd"Debug\vc110.pdb" /Gd /TP /analyze- /errorReport:prompt CMUgraphicsLib\CMUgraphics.cpp CMUgraphicsLib\colors.cpp CMUgraphicsLib\image.cpp CMUgraphicsLib\keyqueue.cpp CMUgraphicsLib\mousequeue.cpp CMUgraphicsLib\windowinput.cpp "Phase_1-Main.cpp" Events\CancellationEvent.cpp Events\Event.cpp Events\ArrivalEvent.cpp Events\PromotionEvent.cpp GUI\GUI.cpp Rest\Cook.cpp Rest\Order.cpp Rest\Restaurant.cpp
         Restaurant.cpp
     1>c:\users\moham\documents\project\resturant\restaurant_simulation_cpp\restaurant\rest\restaurant.cpp(239): warning C4101: 'pCo' : unreferenced local variable
     1>c:\users\moham\documents\project\resturant\restaurant_simulation_cpp\restaurant\rest\restaurant.cpp(390): warning C4101: 'p' : unreferenced local variable
     1>c:\users\moham\documents\project\resturant\restaurant_simulation_cpp\restaurant\rest\restaurant.cpp(437): warning C4244: 'initializing' : conversion from 'double' to 'int', possible loss of data
     1>c:\users\moham\documents\project\resturant\restaurant_simulation_cpp\restaurant\rest\restaurant.cpp(462): warning C4244: 'initializing' : conversion from 'double' to 'int', possible loss of data
     1>c:\users\moham\documents\project\resturant\restaurant_simulation_cpp\restaurant\rest\restaurant.cpp(487): warning C4244: 'initializing' : conversion from 'double' to 'int', possible loss of data
     1>c:\users\moham\documents\project\resturant\restaurant_simulation_cpp\restaurant\rest\restaurant.cpp(517): warning C4244: 'initializing' : conversion from 'double' to 'int', possible loss of data
     1>c:\users\moham\documents\project\resturant\restaurant_simulation_cpp\restaurant\rest\restaurant.cpp(542): warning C4244: 'initializing' : conversion from 'double' to 'int', possible loss of data
     1>c:\users\moham\documents\project\resturant\restaurant_simulation_cpp\restaurant\rest\restaurant.cpp(576): warning C4244: 'initializing' : conversion from 'double' to 'int', possible loss of data
     1>c:\users\moham\documents\project\resturant\restaurant_simulation_cpp\restaurant\rest\restaurant.cpp(412): warning C4101: 'pCo' : unreferenced local variable
     1>c:\users\moham\documents\project\resturant\restaurant_simulation_cpp\restaurant\rest\restaurant.cpp(607): warning C4244: 'argument' : conversion from 'int' to 'float', possible loss of data
     1>c:\users\moham\documents\project\resturant\restaurant_simulation_cpp\restaurant\rest\restaurant.cpp(617): warning C4244: 'initializing' : conversion from 'double' to 'int', possible loss of data
     1>c:\users\moham\documents\project\resturant\restaurant_simulation_cpp\restaurant\rest\restaurant.cpp(635): warning C4244: 'argument' : conversion from 'int' to 'float', possible loss of data
     1>c:\users\moham\documents\project\resturant\restaurant_simulation_cpp\restaurant\rest\restaurant.cpp(650): warning C4244: 'argument' : conversion from 'int' to 'float', possible loss of data
     1>c:\users\moham\documents\project\resturant\restaurant_simulation_cpp\restaurant\rest\restaurant.cpp(659): warning C4244: 'initializing' : conversion from 'double' to 'int', possible loss of data
     1>c:\users\moham\documents\project\resturant\restaurant_simulation_cpp\restaurant\rest\restaurant.cpp(678): warning C4244: 'argument' : conversion from 'int' to 'float', possible loss of data
     1>c:\users\moham\documents\project\resturant\restaurant_simulation_cpp\restaurant\rest\restaurant.cpp(693): warning C4244: 'argument' : conversion from 'int' to 'float', possible loss of data
     1>c:\users\moham\documents\project\resturant\restaurant_simulation_cpp\restaurant\rest\restaurant.cpp(702): warning C4244: 'initializing' : conversion from 'double' to 'int', possible loss of data
     1>c:\users\moham\documents\project\resturant\restaurant_simulation_cpp\restaurant\rest\restaurant.cpp(720): warning C4244: 'argument' : conversion from 'int' to 'float', possible loss of data
     1>c:\users\moham\documents\project\resturant\restaurant_simulation_cpp\restaurant\rest\restaurant.cpp(757): warning C4244: 'argument' : conversion from 'int' to 'float', possible loss of data
     1>c:\users\moham\documents\project\resturant\restaurant_simulation_cpp\restaurant\rest\restaurant.cpp(758): warning C4244: 'initializing' : conversion from 'double' to 'int', possible loss of data
     1>c:\users\moham\documents\project\resturant\restaurant_simulation_cpp\restaurant\rest\restaurant.cpp(777): warning C4244: 'argument' : conversion from 'int' to 'float', possible loss of data
     1>c:\users\moham\documents\project\resturant\restaurant_simulation_cpp\restaurant\rest\restaurant.cpp(731): warning C4101: 'pCo' : unreferenced local variable
     1>c:\users\moham\documents\project\resturant\restaurant_simulation_cpp\restaurant\rest\restaurant.cpp(1102): warning C4101: 'pCo' : unreferenced local variable
     1>c:\users\moham\documents\project\resturant\restaurant_simulation_cpp\restaurant\rest\restaurant.cpp(1157): warning C4996: 'itoa': The POSIX name for this item is deprecated. Instead, use the ISO C++ conformant name: _itoa. See online help for details.
                 c:\program files (x86)\microsoft visual studio 11.0\vc\include\stdlib.h(909) : see declaration of 'itoa'
     1>c:\users\moham\documents\project\resturant\restaurant_simulation_cpp\restaurant\rest\restaurant.cpp(1202): warning C4996: 'itoa': The POSIX name for this item is deprecated. Instead, use the ISO C++ conformant name: _itoa. See online help for details.
                 c:\program files (x86)\microsoft visual studio 11.0\vc\include\stdlib.h(909) : see declaration of 'itoa'
     1>c:\users\moham\documents\project\resturant\restaurant_simulation_cpp\restaurant\rest\restaurant.cpp(1244): warning C4996: 'itoa': The POSIX name for this item is deprecated. Instead, use the ISO C++ conformant name: _itoa. See online help for details.
                 c:\program files (x86)\microsoft visual studio 11.0\vc\include\stdlib.h(909) : see declaration of 'itoa'
     1>c:\users\moham\documents\project\resturant\restaurant_simulation_cpp\restaurant\rest\restaurant.cpp(1150): warning C4101: 'pCo' : unreferenced local variable
         Order.cpp
         Cook.cpp
     1>c:\users\moham\documents\project\resturant\restaurant_simulation_cpp\restaurant\rest\cook.cpp(189): warning C4244: '=' : conversion from 'float' to 'int', possible loss of data
         GUI.cpp
         PromotionEvent.cpp
         ArrivalEvent.cpp
     1>c:\users\moham\documents\project\resturant\restaurant_simulation_cpp\restaurant\events\arrivalevent.cpp(31): warning C4244: 'argument' : conversion from 'double' to 'int', possible loss of data
         Event.cpp
         CancellationEvent.cpp
         Phase_1-Main.cpp
         windowinput.cpp
         mousequeue.cpp
         keyqueue.cpp
         image.cpp
     1>c:\users\moham\documents\project\resturant\restaurant_simulation_cpp\restaurant\cmugraphicslib\image.cpp(115): warning C4018: '<' : signed/unsigned mismatch
         colors.cpp
         CMUgraphics.cpp
     1>c:\users\moham\documents\project\resturant\restaurant_simulation_cpp\restaurant\cmugraphicslib\cmugraphics.cpp(751): warning C4996: 'strcpy': This function or variable may be unsafe. Consider using strcpy_s instead. To disable deprecation, use _CRT_SECURE_NO_WARNINGS. See online help for details.
                 c:\program files (x86)\microsoft visual studio 11.0\vc\include\string.h(110) : see declaration of 'strcpy'
     1>c:\users\moham\documents\project\resturant\restaurant_simulation_cpp\restaurant\cmugraphicslib\cmugraphics.cpp(1164): warning C4996: 'sprintf': This function or variable may be unsafe. Consider using sprintf_s instead. To disable deprecation, use _CRT_SECURE_NO_WARNINGS. See online help for details.
                 c:\program files (x86)\microsoft visual studio 11.0\vc\include\stdio.h(357) : see declaration of 'sprintf'
     1>c:\users\moham\documents\project\resturant\restaurant_simulation_cpp\restaurant\cmugraphicslib\cmugraphics.cpp(1171): warning C4996: 'sprintf': This function or variable may be unsafe. Consider using sprintf_s instead. To disable deprecation, use _CRT_SECURE_NO_WARNINGS. See online help for details.
                 c:\program files (x86)\microsoft visual studio 11.0\vc\include\stdio.h(357) : see declaration of 'sprintf'
     1>c:\users\moham\documents\project\resturant\restaurant_simulation_cpp\restaurant\cmugraphicslib\cmugraphics.cpp(1202): warning C4996: 'sprintf': This function or variable may be unsafe. Consider using sprintf_s instead. To disable deprecation, use _CRT_SECURE_NO_WARNINGS. See online help for details.
                 c:\program files (x86)\microsoft visual studio 11.0\vc\include\stdio.h(357) : see declaration of 'sprintf'
     1>c:\users\moham\documents\project\resturant\restaurant_simulation_cpp\restaurant\cmugraphicslib\cmugraphics.cpp(1210): warning C4996: 'sprintf': This function or variable may be unsafe. Consider using sprintf_s instead. To disable deprecation, use _CRT_SECURE_NO_WARNINGS. See online help for details.
                 c:\program files (x86)\microsoft visual studio 11.0\vc\include\stdio.h(357) : see declaration of 'sprintf'
     1>c:\users\moham\documents\project\resturant\restaurant_simulation_cpp\restaurant\cmugraphicslib\cmugraphics.cpp(1357): warning C4018: '>' : signed/unsigned mismatch
         Generating Code...
         C:\Program Files (x86)\Microsoft Visual Studio 11.0\VC\bin\CL.exe /c /ZI /nologo /W3 /WX- /Od /Oy- /D WIN32 /D _DEBUG /D _CONSOLE /D _MBCS /Gm /EHsc /RTC1 /MDd /GS /fp:precise /Zc:wchar_t /Zc:forScope /Fo"Debug\\" /Fd"Debug\vc110.pdb" /Gd /TC /analyze- /errorReport:prompt CMUgraphicsLib\jpegload.c CMUgraphicsLib\jpeg\jcomapi.c CMUgraphicsLib\jpeg\jcparam.c CMUgraphicsLib\jpeg\jdapimin.c CMUgraphicsLib\jpeg\jdapistd.c CMUgraphicsLib\jpeg\jdatasrc.c CMUgraphicsLib\jpeg\jdcoefct.c CMUgraphicsLib\jpeg\jdcolor.c CMUgraphicsLib\jpeg\jddctmgr.c CMUgraphicsLib\jpeg\jdhuff.c CMUgraphicsLib\jpeg\jdinput.c CMUgraphicsLib\jpeg\jdmainct.c CMUgraphicsLib\jpeg\jdmarker.c CMUgraphicsLib\jpeg\jdmaster.c CMUgraphicsLib\jpeg\jdmerge.c CMUgraphicsLib\jpeg\jdphuff.c CMUgraphicsLib\jpeg\jdpostct.c CMUgraphicsLib\jpeg\jdsample.c CMUgraphicsLib\jpeg\jdtrans.c CMUgraphicsLib\jpeg\jerror.c CMUgraphicsLib\jpeg\jidctflt.c CMUgraphicsLib\jpeg\jidctfst.c CMUgraphicsLib\jpeg\jidctint.c CMUgraphicsLib\jpeg\jidctred.c CMUgraphicsLib\jpeg\jmemmgr.c CMUgraphicsLib\jpeg\jmemnobs.c CMUgraphicsLib\jpeg\jquant1.c CMUgraphicsLib\jpeg\jquant2.c CMUgraphicsLib\jpeg\jutils.c
         jutils.c
         jquant2.c
         jquant1.c
         jmemnobs.c
         jmemmgr.c
     1>c:\users\moham\documents\project\resturant\restaurant_simulation_cpp\restaurant\cmugraphicslib\jpeg\jmemmgr.c(1103): warning C4996: 'getenv': This function or variable may be unsafe. Consider using _dupenv_s instead. To disable deprecation, use _CRT_SECURE_NO_WARNINGS. See online help for details.
                 c:\program files (x86)\microsoft visual studio 11.0\vc\include\stdlib.h(449) : see declaration of 'getenv'
     1>c:\users\moham\documents\project\resturant\restaurant_simulation_cpp\restaurant\cmugraphicslib\jpeg\jmemmgr.c(1106): warning C4996: 'sscanf': This function or variable may be unsafe. Consider using sscanf_s instead. To disable deprecation, use _CRT_SECURE_NO_WARNINGS. See online help for details.
                 c:\program files (x86)\microsoft visual studio 11.0\vc\include\stdio.h(311) : see declaration of 'sscanf'
         jidctred.c
         jidctint.c
         jidctfst.c
         jidctflt.c
         jerror.c
     1>c:\users\moham\documents\project\resturant\restaurant_simulation_cpp\restaurant\cmugraphicslib\jpeg\jerror.c(169): warning C4996: 'sprintf': This function or variable may be unsafe. Consider using sprintf_s instead. To disable deprecation, use _CRT_SECURE_NO_WARNINGS. See online help for details.
                 c:\program files (x86)\microsoft visual studio 11.0\vc\include\stdio.h(357) : see declaration of 'sprintf'
     1>c:\users\moham\documents\project\resturant\restaurant_simulation_cpp\restaurant\cmugraphicslib\jpeg\jerror.c(175): warning C4996: 'sprintf': This function or variable may be unsafe. Consider using sprintf_s instead. To disable deprecation, use _CRT_SECURE_NO_WARNINGS. See online help for details.
                 c:\program files (x86)\microsoft visual studio 11.0\vc\include\stdio.h(357) : see declaration of 'sprintf'
         jdtrans.c
         jdsample.c
         jdpostct.c
         jdphuff.c
         jdmerge.c
         jdmaster.c
         jdmarker.c
         jdmainct.c
         jdinput.c
         jdhuff.c
         Generating Code...
         Compiling...
         jddctmgr.c
         jdcolor.c
         jdcoefct.c
         jdatasrc.c
         jdapistd.c
         jdapimin.c
         jcparam.c
         jcomapi.c
         jpegload.c
     1>c:\users\moham\documents\project\resturant\restaurant_simulation_cpp\restaurant\cmugraphicslib\jpegload.c(23): warning C4996: 'fopen': This function or variable may be unsafe. Consider using fopen_s instead. To disable deprecation, use _CRT_SECURE_NO_WARNINGS. See online help for details.
                 c:\program files (x86)\microsoft visual studio 11.0\vc\include\stdio.h(218) : see declaration of 'fopen'
         Generating Code...
       Link:
         C:\Program Files (x86)\Microsoft Visual Studio 11.0\VC\bin\link.exe /ERRORREPORT:PROMPT /OUT:"C:\Users\moham\Documents\Project\resturant\Restaurant_Simulation_CPP\Debug\Restaurant.exe" /INCREMENTAL /NOLOGO kernel32.lib user32.lib gdi32.lib winspool.lib comdlg32.lib advapi32.lib shell32.lib ole32.lib oleaut32.lib uuid.lib odbc32.lib odbccp32.lib /MANIFEST /MANIFESTUAC:"level='asInvoker' uiAccess='false'" /manifest:embed /DEBUG /PDB:"C:\Users\moham\Documents\Project\resturant\Restaurant_Simulation_CPP\Debug\Restaurant.pdb" /SUBSYSTEM:CONSOLE /TLBID:1 /DYNAMICBASE /NXCOMPAT /IMPLIB:"C:\Users\moham\Documents\Project\resturant\Restaurant_Simulation_CPP\Debug\Restaurant.lib" /MACHINE:X86 Debug\CMUgraphics.obj
         Debug\colors.obj
         Debug\image.obj
         Debug\jpegload.obj
         Debug\jcomapi.obj
         Debug\jcparam.obj
         Debug\jdapimin.obj
         Debug\jdapistd.obj
         Debug\jdatasrc.obj
         Debug\jdcoefct.obj
         Debug\jdcolor.obj
         Debug\jddctmgr.obj
         Debug\jdhuff.obj
         Debug\jdinput.obj
         Debug\jdmainct.obj
         Debug\jdmarker.obj
         Debug\jdmaster.obj
         Debug\jdmerge.obj
         Debug\jdphuff.obj
         Debug\jdpostct.obj
         Debug\jdsample.obj
         Debug\jdtrans.obj
         Debug\jerror.obj
         Debug\jidctflt.obj
         Debug\jidctfst.obj
         Debug\jidctint.obj
         Debug\jidctred.obj
         Debug\jmemmgr.obj
         Debug\jmemnobs.obj
         Debug\jquant1.obj
         Debug\jquant2.obj
         Debug\jutils.obj
         Debug\keyqueue.obj
         Debug\mousequeue.obj
         Debug\windowinput.obj
         "Debug\Phase_1-Main.obj"
         Debug\CancellationEvent.obj
         Debug\Event.obj
         Debug\ArrivalEvent.obj
         Debug\PromotionEvent.obj
         Debug\GUI.obj
         Debug\Cook.obj
         Debug\Order.obj
         Debug\Restaurant.obj
         Restaurant.vcxproj -> C:\Users\moham\Documents\Project\resturant\Restaurant_Simulation_CPP\Debug\Restaurant.exe
     1>Done Building Project "C:\Users\moham\Documents\Project\resturant\Restaurant_Simulation_CPP\Restaurant\Restaurant.vcxproj" (Build target(s)).

Build succeeded.

Time Elapsed 00:00:13.92
